Scenario - 
Logfile written - 02/19/2020 17:00:54

Trial,Event Type,Code,counter_balance_id(str),stimuli_file(str),wav_file_duration(str),practice_main(str),deviant_condition(str),regularity_condition(str),interval_condition(str),standard_deviant(str),blockIndex(str),remark(str),Time,TTime,Uncertainty,Duration,Uncertainty,ReqTime,ReqDur,Stim Type,Pair Index

1,Sound,test;2;131;main;1;1;16;0,test,2,131,main,1,1,16,0,,,12,0,2,,,0,,other,0
2,Sound,test;10;500;main;1;1;16;1,test,10,500,main,1,1,16,1,,,1331,0,3,,,0,,hit,4
3,Sound,test;12;699;main;1;1;16;0,test,12,699,main,1,1,16,0,,,6431,0,3,,,0,,other,0
3,Response,1,,,,,,,,,,,7138,707,1
4,Sound,test;5;217;main;1;1;16;0,test,5,217,main,1,1,16,0,,,13431,0,3,,,0,,other,0
5,Sound,test;8;358;main;1;1;16;0,test,8,358,main,1,1,16,0,,,15631,0,2,,,0,,other,0
6,Sound,test;3;155;main;1;1;16;0,test,3,155,main,1,1,16,0,,,19231,0,2,,,0,,other,0
7,Sound,test;14;976;main;1;1;16;0,test,14,976,main,1,1,16,0,,,20831,0,2,,,0,,other,0
8,Sound,test;4;183;main;1;1;16;1,test,4,183,main,1,1,16,1,,,30631,0,3,,,0,,hit,11
9,Sound,test;16;1364;main;1;1;16;0,test,16,1364,main,1,1,16,0,,,32531,0,2,,,0,,other,0
9,Response,1,,,,,,,,,,,34003,1472,1
10,Sound,test;13;826;main;1;1;16;0,test,13,826,main,1,1,16,0,,,46231,0,3,,,0,,other,0
11,Sound,test;1;111;main;1;1;16;0,test,1,111,main,1,1,16,0,,,54531,0,2,,,0,,other,0
12,Sound,test;6;256;main;1;1;16;0,test,6,256,main,1,1,16,0,,,55731,0,2,,,0,,other,0
13,Sound,test;9;423;main;1;1;16;0,test,9,423,main,1,1,16,0,,,58331,0,2,,,0,,other,0
14,Sound,test;15;1154;main;1;1;16;0,test,15,1154,main,1,1,16,0,,,62631,0,2,,,0,,other,0
15,Sound,test;11;591;main;1;1;16;0,test,11,591,main,1,1,16,0,,,74240,0,3,,,0,,other,0
16,Sound,test;7;303;main;1;1;16;0,test,7,303,main,1,1,16,0,,,80231,0,3,,,0,,other,0
17,Sound,test;2;131;main;1;1;16;0,test,2,131,main,1,1,16,0,,,83331,0,2,,,0,,other,0
18,Sound,test;10;500;main;1;1;16;0,test,10,500,main,1,1,16,0,,,84731,0,2,,,0,,other,0
19,Sound,test;12;699;main;1;1;16;0,test,12,699,main,1,1,16,0,,,89831,0,2,,,0,,other,0
20,Sound,test;5;217;main;1;1;16;0,test,5,217,main,1,1,16,0,,,96831,0,3,,,0,,other,0
21,Sound,test;8;358;main;1;1;16;0,test,8,358,main,1,1,16,0,,,99030,0,3,,,0,,other,0
22,Sound,test;3;155;main;1;1;16;0,test,3,155,main,1,1,16,0,,,102631,0,2,,,0,,other,0
23,Sound,test;14;976;main;1;1;16;0,test,14,976,main,1,1,16,0,,,104231,0,2,,,0,,other,0
24,Sound,test;4;183;main;1;1;16;0,test,4,183,main,1,1,16,0,,,114031,0,2,,,0,,other,0
25,Sound,test;16;1364;main;1;1;16;0,test,16,1364,main,1,1,16,0,,,115931,0,2,,,0,,other,0
26,Sound,test;13;826;main;1;1;16;0,test,13,826,main,1,1,16,0,,,129631,0,3,,,0,,other,0
27,Sound,test;1;111;main;1;1;16;0,test,1,111,main,1,1,16,0,,,137931,0,2,,,0,,other,0
28,Sound,test;6;256;main;1;1;16;1,test,6,256,main,1,1,16,1,,,139131,0,2,,,0,,hit,32
29,Sound,test;9;423;main;1;1;16;0,test,9,423,main,1,1,16,0,,,141730,0,3,,,0,,other,0
29,Response,1,,,,,,,,,,,143221,1491,1
30,Sound,test;15;1154;main;1;1;16;0,test,15,1154,main,1,1,16,0,,,146031,0,2,,,0,,other,0
31,Sound,test;11;591;main;1;1;16;0,test,11,591,main,1,1,16,0,,,157631,0,3,,,0,,other,0
32,Sound,test;7;303;main;1;1;16;0,test,7,303,main,1,1,16,0,,,163632,0,3,,,0,,other,0
33,Sound,test;2;131;main;1;1;16;0,test,2,131,main,1,1,16,0,,,166732,0,2,,,0,,other,0
34,Sound,test;10;500;main;1;1;16;0,test,10,500,main,1,1,16,0,,,168131,0,3,,,0,,other,0
35,Sound,test;12;699;main;1;1;16;0,test,12,699,main,1,1,16,0,,,173231,0,2,,,0,,other,0
36,Sound,test;5;217;main;1;1;16;0,test,5,217,main,1,1,16,0,,,180231,0,2,,,0,,other,0
37,Sound,test;8;358;main;1;1;16;0,test,8,358,main,1,1,16,0,,,182431,0,2,,,0,,other,0
38,Sound,test;3;155;main;1;1;16;0,test,3,155,main,1,1,16,0,,,186031,0,3,,,0,,other,0
39,Sound,test;14;976;main;1;1;16;1,test,14,976,main,1,1,16,1,,,187631,0,2,,,0,,hit,43
39,Response,1,,,,,,,,,,,192639,5008,1
40,Sound,test;4;183;main;1;1;16;0,test,4,183,main,1,1,16,0,,,197431,0,2,,,0,,other,0
41,Sound,test;16;1364;main;1;1;16;0,test,16,1364,main,1,1,16,0,,,199331,0,2,,,0,,other,0
42,Sound,test;13;826;main;1;1;16;0,test,13,826,main,1,1,16,0,,,213031,0,2,,,0,,other,0
43,Sound,test;1;111;main;1;1;16;1,test,1,111,main,1,1,16,1,,,221331,0,3,,,0,,hit,50
44,Sound,test;6;256;main;1;1;16;0,test,6,256,main,1,1,16,0,,,222531,0,2,,,0,,other,0
45,Sound,test;9;423;main;1;1;16;0,test,9,423,main,1,1,16,0,,,225131,0,2,,,0,,other,0
45,Response,1,,,,,,,,,,,225670,539,1
46,Sound,test;15;1154;main;1;1;16;0,test,15,1154,main,1,1,16,0,,,229431,0,2,,,0,,other,0
47,Sound,test;11;591;main;1;1;16;0,test,11,591,main,1,1,16,0,,,241031,0,2,,,0,,other,0
48,Sound,test;7;303;main;1;1;16;1,test,7,303,main,1,1,16,1,,,247031,0,2,,,0,,hit,56
49,Sound,test;2;131;main;1;1;16;0,test,2,131,main,1,1,16,0,,,250131,0,2,,,0,,other,0
50,Sound,test;10;500;main;1;1;16;0,test,10,500,main,1,1,16,0,,,251531,0,2,,,0,,other,0
50,Response,1,,,,,,,,,,,252471,940,1
51,Sound,test;12;699;main;1;1;16;0,test,12,699,main,1,1,16,0,,,256631,0,2,,,0,,other,0
52,Sound,test;5;217;main;1;1;16;0,test,5,217,main,1,1,16,0,,,263631,0,3,,,0,,other,0
53,Sound,test;8;358;main;1;1;16;0,test,8,358,main,1,1,16,0,,,265831,0,3,,,0,,other,0
54,Sound,test;3;155;main;1;1;16;0,test,3,155,main,1,1,16,0,,,269431,0,3,,,0,,other,0
55,Sound,test;14;976;main;1;1;16;1,test,14,976,main,1,1,16,1,,,271031,0,3,,,0,,miss,0
56,Sound,test;4;183;main;1;1;16;0,test,4,183,main,1,1,16,0,,,280831,0,2,,,0,,other,0
56,Response,1,,,,,,,,,,,281447,616,1
57,Sound,test;16;1364;main;1;1;16;0,test,16,1364,main,1,1,16,0,,,282731,0,2,,,0,,other,0
58,Sound,test;13;826;main;1;1;16;0,test,13,826,main,1,1,16,0,,,296431,0,3,,,0,,other,0
59,Sound,test;1;111;main;1;1;16;0,test,1,111,main,1,1,16,0,,,304731,0,2,,,0,,other,0
60,Sound,test;6;256;main;1;1;16;0,test,6,256,main,1,1,16,0,,,305931,0,2,,,0,,other,0
61,Sound,test;9;423;main;1;1;16;1,test,9,423,main,1,1,16,1,,,308531,0,2,,,0,,hit,69
61,Response,1,,,,,,,,,,,312695,4164,1
62,Sound,test;15;1154;main;1;1;16;0,test,15,1154,main,1,1,16,0,,,312831,0,2,,,0,,other,0
63,Sound,test;11;591;main;1;1;16;0,test,11,591,main,1,1,16,0,,,324431,0,2,,,0,,other,0
64,Sound,test;7;303;main;1;1;16;0,test,7,303,main,1,1,16,0,,,330431,0,2,,,0,,other,0
65,Sound,test;2;131;main;1;1;16;0,test,2,131,main,1,1,16,0,,,333531,0,2,,,0,,other,0
66,Sound,test;10;500;main;1;1;16;0,test,10,500,main,1,1,16,0,,,334930,0,3,,,0,,other,0
67,Sound,test;12;699;main;1;1;16;0,test,12,699,main,1,1,16,0,,,340031,0,2,,,0,,other,0
67,Response,1,,,,,,,,,,,344863,4832,1
68,Sound,test;5;217;main;1;1;16;0,test,5,217,main,1,1,16,0,,,347031,0,3,,,0,,other,0
69,Sound,test;8;358;main;1;1;16;0,test,8,358,main,1,1,16,0,,,349231,0,2,,,0,,other,0
70,Sound,test;3;155;main;1;1;16;0,test,3,155,main,1,1,16,0,,,352831,0,2,,,0,,other,0
71,Sound,test;14;976;main;1;1;16;0,test,14,976,main,1,1,16,0,,,354431,0,2,,,0,,other,0
72,Sound,test;4;183;main;1;1;16;0,test,4,183,main,1,1,16,0,,,364231,0,2,,,0,,other,0
73,Sound,test;16;1364;main;1;1;16;0,test,16,1364,main,1,1,16,0,,,366131,0,2,,,0,,other,0
74,Sound,test;13;826;main;1;1;16;0,test,13,826,main,1,1,16,0,,,379831,0,3,,,0,,other,0
75,Sound,test;1;111;main;1;1;16;0,test,1,111,main,1,1,16,0,,,388131,0,2,,,0,,other,0
76,Sound,test;6;256;main;1;1;16;0,test,6,256,main,1,1,16,0,,,389330,0,3,,,0,,other,0
77,Sound,test;9;423;main;1;1;16;0,test,9,423,main,1,1,16,0,,,391931,0,2,,,0,,other,0
78,Sound,test;15;1154;main;1;1;16;0,test,15,1154,main,1,1,16,0,,,396230,0,3,,,0,,other,0
79,Sound,test;11;591;main;1;1;16;0,test,11,591,main,1,1,16,0,,,407830,0,3,,,0,,other,0
80,Sound,test;7;303;main;1;1;16;0,test,7,303,main,1,1,16,0,,,413831,0,3,,,0,,other,0
81,Sound,test;2;131;main;1;1;16;0,test,2,131,main,1,1,16,0,,,416931,0,2,,,0,,other,0
82,Sound,test;10;500;main;1;1;16;0,test,10,500,main,1,1,16,0,,,418331,0,2,,,0,,other,0
83,Sound,test;12;699;main;1;1;16;1,test,12,699,main,1,1,16,1,,,423431,0,3,,,0,,hit,93
83,Response,1,,,,,,,,,,,428179,4748,1
84,Sound,test;5;217;main;1;1;16;0,test,5,217,main,1,1,16,0,,,430431,0,2,,,0,,other,0
85,Sound,test;8;358;main;1;1;16;0,test,8,358,main,1,1,16,0,,,432648,0,3,,,0,,other,0
86,Sound,test;3;155;main;1;1;16;0,test,3,155,main,1,1,16,0,,,436231,0,2,,,0,,other,0
87,Sound,test;14;976;main;1;1;16;0,test,14,976,main,1,1,16,0,,,437831,0,2,,,0,,other,0
88,Sound,test;4;183;main;1;1;16;0,test,4,183,main,1,1,16,0,,,447631,0,3,,,0,,other,0
89,Sound,test;16;1364;main;1;1;16;1,test,16,1364,main,1,1,16,1,,,449530,0,3,,,0,,hit,100
89,Response,1,,,,,,,,,,,455720,6190,1
90,Sound,test;13;826;main;1;1;16;0,test,13,826,main,1,1,16,0,,,463230,0,3,,,0,,other,0
91,Sound,test;1;111;main;1;1;16;0,test,1,111,main,1,1,16,0,,,471531,0,2,,,0,,other,0
92,Sound,test;6;256;main;1;1;16;0,test,6,256,main,1,1,16,0,,,472731,0,2,,,0,,other,0
93,Sound,test;9;423;main;1;1;16;0,test,9,423,main,1,1,16,0,,,475331,0,2,,,0,,other,0
94,Sound,test;15;1154;main;1;1;16;0,test,15,1154,main,1,1,16,0,,,479631,0,2,,,0,,other,0
95,Sound,test;11;591;main;1;1;16;0,test,11,591,main,1,1,16,0,,,491230,0,3,,,0,,other,0
96,Sound,test;7;303;main;1;1;16;0,test,7,303,main,1,1,16,0,,,497231,0,3,,,0,,other,0
97,Sound,test;2;131;main;1;1;16;0,test,2,131,main,1,1,16,0,,,500330,0,3,,,0,,other,0
98,Sound,test;10;500;main;1;1;16;0,test,10,500,main,1,1,16,0,,,501730,0,3,,,0,,other,0
99,Sound,test;12;699;main;1;1;16;1,test,12,699,main,1,1,16,1,,,506831,0,2,,,0,,hit,111
99,Response,1,,,,,,,,,,,511756,4925,1
100,Sound,test;5;217;main;1;1;16;0,test,5,217,main,1,1,16,0,,,513831,0,2,,,0,,other,0
101,Sound,test;8;358;main;1;1;16;0,test,8,358,main,1,1,16,0,,,516031,0,2,,,0,,other,0
102,Sound,test;3;155;main;1;1;16;0,test,3,155,main,1,1,16,0,,,519630,0,3,,,0,,other,0
103,Sound,test;14;976;main;1;1;16;1,test,14,976,main,1,1,16,1,,,521230,0,3,,,0,,hit,116
103,Response,1,,,,,,,,,,,528916,7686,1
104,Sound,test;4;183;main;1;1;16;0,test,4,183,main,1,1,16,0,,,531030,0,3,,,0,,other,0
105,Sound,test;16;1364;main;1;1;16;0,test,16,1364,main,1,1,16,0,,,532930,0,3,,,0,,other,0
106,Sound,test;13;826;main;1;1;16;0,test,13,826,main,1,1,16,0,,,546630,0,3,,,0,,other,0
107,Sound,test;1;111;main;1;1;16;0,test,1,111,main,1,1,16,0,,,554931,0,2,,,0,,other,0
108,Sound,test;6;256;main;1;1;16;1,test,6,256,main,1,1,16,1,,,556130,0,3,,,0,,hit,123
109,Sound,test;9;423;main;1;1;16;0,test,9,423,main,1,1,16,0,,,558730,0,3,,,0,,other,0
109,Response,1,,,,,,,,,,,561220,2490,1
110,Sound,test;15;1154;main;1;1;16;0,test,15,1154,main,1,1,16,0,,,563031,0,2,,,0,,other,0
110,Quit,,,,,,,,,,,,568359,5328
